<?xml version="1.0" encoding="UTF-8"?>
<!-- Generated by org.testng.reporters.JUnitReportReporter -->
<testsuite hostname="LAPTOP-6RBODQ3G" failures="0" tests="1" name="tests.NewTest" time="0.513" errors="0" timestamp="2023-03-17T22:20:50 EDT" skipped="0">
  <testcase classname="tests.NewTest" name="test6" time="0.513"/>
  <system-out/>
</testsuite> <!-- tests.NewTest -->
